    Finished `dev` profile [unoptimized + debuginfo] target(s) in 1.49s
     Running `target/debug/simple-sui-indexer --remote-store-url 'https://checkpoints.mainnet.sui.io' --streaming-url 'https://fullnode.mainnet.sui.io:443'`
[2m2026-06-02T10:14:42.282482Z[0m [32m INFO[0m [2msui_pg_db[0m[2m:[0m Running migrations ...
[2m2026-06-02T10:14:42.400439Z[0m [32m INFO[0m [2msui_pg_db::tls[0m[2m:[0m Database connection established [3mpid[0m[2m=[0m75768
[2m2026-06-02T10:14:42.401916Z[0m [32m INFO[0m [2mtokio_postgres::connection[0m[2m:[0m NOTICE: relation "__diesel_schema_migrations" already exists, skipping
[2m2026-06-02T10:14:42.406771Z[0m [32m INFO[0m [2msui_pg_db[0m[2m:[0m Migrations complete.
[2m2026-06-02T10:14:42.406817Z[0m [32m INFO[0m [2msui_pg_db::tls[0m[2m:[0m Database connection terminated without error [3mpid[0m[2m=[0m75768
[2m2026-06-02T10:14:43.028244Z[0m [32m INFO[0m [2msui_indexer_alt_framework[0m[2m:[0m [3mlatest_checkpoint[0m[2m=[0m282227566
[2m2026-06-02T10:14:43.028332Z[0m [32m INFO[0m [2msimple_sui_indexer[0m[2m:[0m Indexer cluster initialized
[2m2026-06-02T10:14:43.128240Z[0m [32m INFO[0m [2msui_pg_db::tls[0m[2m:[0m Database connection established [3mpid[0m[2m=[0m75769
[2m2026-06-02T10:14:43.138483Z[0m [32m INFO[0m [2msui_indexer_alt_framework::pipeline::sequential[0m[2m:[0m Starting pipeline with config: SequentialConfig {
    committer: CommitterConfig {
        write_concurrency: 5,
        collect_interval_ms: 500,
        watermark_interval_ms: 500,
        watermark_interval_jitter_ms: 0,
    },
    ingestion: IngestionConfig {
        subscriber_channel_size: None,
    },
    fanout: None,
    min_eager_rows: None,
    max_pending_rows: None,
    max_batch_checkpoints: None,
    processor_channel_size: None,
    pipeline_depth: None,
} [3mpipeline[0m[2m=[0m"transaction_digest_handler"
[2m2026-06-02T10:14:43.138987Z[0m [32m INFO[0m [2msui_indexer_alt_framework::pipeline::processor[0m[2m:[0m Starting processor [3mpipeline[0m[2m=[0m"transaction_digest_handler"
[2m2026-06-02T10:14:43.139037Z[0m [32m INFO[0m [2msui_indexer_alt_framework::pipeline::sequential::collector[0m[2m:[0m Starting collector [3mpipeline[0m[2m=[0m"transaction_digest_handler"
[2m2026-06-02T10:14:43.139075Z[0m [32m INFO[0m [2msui_indexer_alt_framework::pipeline::sequential::committer[0m[2m:[0m Starting committer [3mpipeline[0m[2m=[0m"transaction_digest_handler"
[2m2026-06-02T10:14:43.139170Z[0m [32m INFO[0m [2msimple_sui_indexer[0m[2m:[0m Sequential pipeline registered, indexer is starting
[2m2026-06-02T10:14:43.139206Z[0m [32m INFO[0m [2msui_indexer_alt_framework[0m[2m:[0m Ingestion range [3mstart[0m[2m=[0m271848014
[2m2026-06-02T10:14:43.139298Z[0m [32m INFO[0m [2msui_indexer_alt_framework::ingestion::broadcaster[0m[2m:[0m Starting broadcaster
[2m2026-06-02T10:14:43.139565Z[0m [32m INFO[0m [2msui_indexer_alt_metrics[0m[2m:[0m Starting metrics service on 0.0.0.0:9184
[2m2026-06-02T10:14:43.471866Z[0m [32m INFO[0m [2msui_indexer_alt_framework::ingestion::broadcaster[0m[2m:[0m Network is far ahead, delaying streaming start to let ingestion catch up [3mnetwork_latest_cp[0m[2m=[0m282227569 [3mcheckpoint_hi[0m[2m=[0m271848014 [3mthreshold[0m[2m=[0m1000
[2m2026-06-02T10:14:45.327564Z[0m [32m INFO[0m [2msui_indexer_alt_framework::pipeline::logging[0m[2m:[0m Updated watermark [3mlogger[0m[2m=[0m"sequential_committer" [3mpipeline[0m[2m=[0m"transaction_digest_handler" [3mcheckpoint[0m[2m=[0m271848071 [3mtransaction[0m[2m=[0m5124336678 [3mtps[0m[2m=[0m516.6051466368092 [3mcps[0m[2m=[0m41.32841173094473 [3melapsed_ms[0m[2m=[0m"116.219"
[2m2026-06-02T10:14:50.227136Z[0m [32m INFO[0m [2msui_indexer_alt_framework::pipeline::logging[0m[2m:[0m Updated watermark [3mlogger[0m[2m=[0m"sequential_committer" [3mpipeline[0m[2m=[0m"transaction_digest_handler" [3mcheckpoint[0m[2m=[0m271848145 [3mtransaction[0m[2m=[0m5124338581 [3mtps[0m[2m=[0m388.4107161659352 [3mcps[0m[2m=[0m15.103727270772046 [3melapsed_ms[0m[2m=[0m"134.067"
[2m2026-06-02T10:14:50.971364Z[0m [32m INFO[0m [2msui_indexer_alt_framework::pipeline::logging[0m[2m:[0m Updated watermark [3mlogger[0m[2m=[0m"sequential_committer" [3mpipeline[0m[2m=[0m"transaction_digest_handler" [3mcheckpoint[0m[2m=[0m271848211 [3mtransaction[0m[2m=[0m5124340746 [3mtps[0m[2m=[0m2909.4350988670662 [3mcps[0m[2m=[0m88.69409539271426 [3melapsed_ms[0m[2m=[0m"93.526"
[2m2026-06-02T10:14:52.926188Z[0m [32m INFO[0m [2msimple_sui_indexer::handlers[0m[2m:[0m Indexing progress [3mcheckpoint_sequence_number[0m[2m=[0m271849000 [3mtransaction_count[0m[2m=[0m17 [3mlog_every_n_checkpoints[0m[2m=[0m1000
[2m2026-06-02T10:14:53.057610Z[0m [32m INFO[0m [2msui_indexer_alt_framework::pipeline::logging[0m[2m:[0m Updated watermark [3mlogger[0m[2m=[0m"sequential_committer" [3mpipeline[0m[2m=[0m"transaction_digest_handler" [3mcheckpoint[0m[2m=[0m271848280 [3mtransaction[0m[2m=[0m5124342576 [3mtps[0m[2m=[0m877.2060345856196 [3mcps[0m[2m=[0m33.0749816319168 [3melapsed_ms[0m[2m=[0m"51.371"
[2m2026-06-02T10:14:57.577941Z[0m [32m INFO[0m [2msui_indexer_alt_framework::pipeline::logging[0m[2m:[0m Updated watermark [3mlogger[0m[2m=[0m"sequential_committer" [3mpipeline[0m[2m=[0m"transaction_digest_handler" [3mcheckpoint[0m[2m=[0m271848608 [3mtransaction[0m[2m=[0m5124354156 [3mtps[0m[2m=[0m2561.827737990727 [3mcps[0m[2m=[0m72.56299637832112 [3melapsed_ms[0m[2m=[0m"381.038"
[2m2026-06-02T10:14:57.619120Z[0m [32m INFO[0m [2msui_indexer_alt_framework::pipeline::logging[0m[2m:[0m Updated watermark [3mlogger[0m[2m=[0m"sequential_committer" [3mpipeline[0m[2m=[0m"transaction_digest_handler" [3mcheckpoint[0m[2m=[0m271848697 [3mtransaction[0m[2m=[0m5124356367 [3mtps[0m[2m=[0m54496.77380824417 [3mcps[0m[2m=[0m2193.6738439320357 [3melapsed_ms[0m[2m=[0m"38.712"
[2m2026-06-02T10:14:58.699507Z[0m [33m WARN[0m [2msui_indexer_alt_framework::metrics[0m[2m:[0m Retrying due to error: Failed to fetch checkpoint 271849852: Generic HTTP error: Error performing GET https://checkpoints.mainnet.sui.io/271849852.binpb.zst in 245.048416ms - HTTP error: error sending request [3mcheckpoint[0m[2m=[0m271849852 [3mreason[0m[2m=[0m"fetch"
[2m2026-06-02T10:15:01.957319Z[0m [32m INFO[0m [2msui_indexer_alt_framework::pipeline::logging[0m[2m:[0m Updated watermark [3mlogger[0m[2m=[0m"sequential_committer" [3mpipeline[0m[2m=[0m"transaction_digest_handler" [3mcheckpoint[0m[2m=[0m271848798 [3mtransaction[0m[2m=[0m5124359870 [3mtps[0m[2m=[0m807.5685052893662 [3mcps[0m[2m=[0m23.284161871032254 [3melapsed_ms[0m[2m=[0m"78.562"
[2m2026-06-02T10:15:03.920535Z[0m [32m INFO[0m [2msimple_sui_indexer::handlers[0m[2m:[0m Indexing progress [3mcheckpoint_sequence_number[0m[2m=[0m271850000 [3mtransaction_count[0m[2m=[0m20 [3mlog_every_n_checkpoints[0m[2m=[0m1000
[2m2026-06-02T10:15:04.050494Z[0m [32m INFO[0m [2msui_indexer_alt_framework::pipeline::logging[0m[2m:[0m Updated watermark [3mlogger[0m[2m=[0m"sequential_committer" [3mpipeline[0m[2m=[0m"transaction_digest_handler" [3mcheckpoint[0m[2m=[0m271849098 [3mtransaction[0m[2m=[0m5124365978 [3mtps[0m[2m=[0m2918.1586803992423 [3mcps[0m[2m=[0m143.32802948915727 [3melapsed_ms[0m[2m=[0m"397.711"
[2m2026-06-02T10:15:04.409888Z[0m [32m INFO[0m [2msui_indexer_alt_framework::pipeline::logging[0m[2m:[0m Updated watermark [3mlogger[0m[2m=[0m"sequential_committer" [3mpipeline[0m[2m=[0m"transaction_digest_handler" [3mcheckpoint[0m[2m=[0m271849398 [3mtransaction[0m[2m=[0m5124371283 [3mtps[0m[2m=[0m14764.270881928624 [3mcps[0m[2m=[0m834.925780316416 [3melapsed_ms[0m[2m=[0m"358.074"
[2m2026-06-02T10:15:04.437315Z[0m [32m INFO[0m [2msui_indexer_alt_framework::pipeline::logging[0m[2m:[0m Updated watermark [3mlogger[0m[2m=[0m"sequential_committer" [3mpipeline[0m[2m=[0m"transaction_digest_handler" [3mcheckpoint[0m[2m=[0m271849479 [3mtransaction[0m[2m=[0m5124372351 [3mtps[0m[2m=[0m39027.540397798075 [3mcps[0m[2m=[0m2959.953906574573 [3melapsed_ms[0m[2m=[0m"10.245"
[2m2026-06-02T10:15:07.502369Z[0m [32m INFO[0m [2msui_indexer_alt_framework::pipeline::logging[0m[2m:[0m Updated watermark [3mlogger[0m[2m=[0m"sequential_committer" [3mpipeline[0m[2m=[0m"transaction_digest_handler" [3mcheckpoint[0m[2m=[0m271849800 [3mtransaction[0m[2m=[0m5124378717 [3mtps[0m[2m=[0m2077.026350594476 [3mcps[0m[2m=[0m104.73224293761024 [3melapsed_ms[0m[2m=[0m"257.727"
[2m2026-06-02T10:15:07.555601Z[0m [32m INFO[0m [2msui_indexer_alt_framework::pipeline::logging[0m[2m:[0m Updated watermark [3mlogger[0m[2m=[0m"sequential_committer" [3mpipeline[0m[2m=[0m"transaction_digest_handler" [3mcheckpoint[0m[2m=[0m271849888 [3mtransaction[0m[2m=[0m5124380767 [3mtps[0m[2m=[0m38553.06908946941 [3mcps[0m[2m=[0m1654.9610145723454 [3melapsed_ms[0m[2m=[0m"52.233"
[2m2026-06-02T10:15:07.586319Z[0m [32m INFO[0m [2msui_indexer_alt_framework::pipeline::logging[0m[2m:[0m Updated watermark [3mlogger[0m[2m=[0m"sequential_committer" [3mpipeline[0m[2m=[0m"transaction_digest_handler" [3mcheckpoint[0m[2m=[0m271849954 [3mtransaction[0m[2m=[0m5124381619 [3mtps[0m[2m=[0m27809.321665038093 [3mcps[0m[2m=[0m2154.2432275733736 [3melapsed_ms[0m[2m=[0m"30.320"
[2m2026-06-02T10:15:09.891147Z[0m [32m INFO[0m [2msui_futures::service[0m[2m:[0m Termination received
[2m2026-06-02T10:15:09.892118Z[0m [32m INFO[0m [2msui_futures::service[0m[2m:[0m Shutting down gracefully...
[2m2026-06-02T10:15:09.892284Z[0m [32m INFO[0m [2msui_indexer_alt_metrics[0m[2m:[0m Shutdown received, shutting down metrics service
[2m2026-06-02T10:15:09.893586Z[0m [32m INFO[0m [2msui_pg_db::tls[0m[2m:[0m Database connection terminated without error [3mpid[0m[2m=[0m75769
[2m2026-06-02T10:15:09.903875Z[0m [32m INFO[0m [2msimple_sui_indexer[0m[2m:[0m Indexer terminated normally
